e:\exercise\c++\opengles2demo\es2render\debug\es2render.obj
e:\exercise\c++\opengles2demo\es2render\debug\vc100.pdb
e:\exercise\c++\opengles2demo\es2render\debug\winrenderwdsys.obj
e:\exercise\c++\opengles2demo\bin\es2render.lib
e:\exercise\c++\opengles2demo\bin\es2render.exp
e:\exercise\c++\opengles2demo\bin\es2render.ilk
e:\exercise\c++\opengles2demo\bin\es2render.dll
e:\exercise\c++\opengles2demo\es2render\debug\es2render.dll.intermediate.manifest
e:\exercise\c++\opengles2demo\bin\es2render.pdb
e:\exercise\c++\opengles2demo\es2render\debug\es2render.vcxprojresolveassemblyreference.cache
e:\exercise\c++\opengles2demo\es2render\debug\cl.command.1.tlog
e:\exercise\c++\opengles2demo\es2render\debug\cl.read.1.tlog
e:\exercise\c++\opengles2demo\es2render\debug\cl.write.1.tlog
e:\exercise\c++\opengles2demo\es2render\debug\es2render.write.1.tlog
e:\exercise\c++\opengles2demo\es2render\debug\link.command.1.tlog
e:\exercise\c++\opengles2demo\es2render\debug\link.read.1.tlog
e:\exercise\c++\opengles2demo\es2render\debug\link.write.1.tlog
e:\exercise\c++\opengles2demo\es2render\debug\mt.command.1.tlog
e:\exercise\c++\opengles2demo\es2render\debug\mt.read.1.tlog
e:\exercise\c++\opengles2demo\es2render\debug\mt.write.1.tlog
e:\exercise\c++\opengles2demo\es2render\debug\vc100.idb
